<?xml version="1.0" encoding="UTF-8"?>
<!-- Generated by org.testng.reporters.JUnitReportReporter -->
<testsuite hostname="kirantrk-18" failures="0" tests="5" name="testCases.TC_Post_VideoGame_DDT" time="1.890" errors="0" timestamp="2020-06-19T23:14:01 IST" skipped="0">
  <testcase classname="testCases.TC_Post_VideoGame_DDT" name="test_addNewVideGame" time="0.020"/>
  <testcase classname="testCases.TC_Post_VideoGame_DDT" name="test_addNewVideGame" time="1.800"/>
  <testcase classname="testCases.TC_Post_VideoGame_DDT" name="test_addNewVideGame" time="0.025"/>
  <testcase classname="testCases.TC_Post_VideoGame_DDT" name="test_addNewVideGame" time="0.020"/>
  <testcase classname="testCases.TC_Post_VideoGame_DDT" name="test_addNewVideGame" time="0.025"/>
</testsuite> <!-- testCases.TC_Post_VideoGame_DDT -->
